2018-08-02T16:43:28+08:00 [-] [-] [development] [I] [app.go:143] mqant 1.8.0 starting up
2018-08-02T16:43:28+08:00 [-] [-] [development] [I] [app.go:247] RPCClient create success type(Gate) id(Gate001)
2018-08-02T16:43:28+08:00 [-] [-] [development] [I] [app.go:247] RPCClient create success type(Master) id(Master001)
2018-08-02T16:43:28+08:00 [-] [-] [development] [I] [app.go:247] RPCClient create success type(Login) id(Login001)
2018-08-02T16:43:28+08:00 [-] [-] [development] [I] [app.go:247] RPCClient create success type(Test) id(Test001)
2018-08-02T16:43:28+08:00 [-] [-] [development] [I] [app.go:247] RPCClient create success type(Webapp) id(Webapp001)
2018-08-02T16:43:28+08:00 [-] [-] [development] [I] [ModuleManager.go:50] This service ProcessID is [development]
2018-08-02T16:43:28+08:00 [-] [-] [development] [I] [rpcserver.go:56] RPCServer init success id(Master001) version(1.0.0)
2018-08-02T16:43:28+08:00 [-] [-] [development] [I] [rpcserver.go:56] RPCServer init success id(Gate001) version(1.0.0)
2018-08-02T16:43:28+08:00 [-] [-] [development] [I] [ws_server.go:117] WS Listen ::3653
2018-08-02T16:43:28+08:00 [-] [-] [development] [I] [tcp_server.go:39] TCP Listen ::3563
2018-08-02T16:52:29+08:00 [-] [-] [development] [I] [rpcserver.go:60] RPCServer closeing id(Gate001)
2018-08-02T16:52:29+08:00 [-] [-] [development] [I] [rpcserver.go:65] RPCServer close success id(Gate001)
2018-08-02T16:52:29+08:00 [-] [-] [development] [I] [rpcserver.go:60] RPCServer closeing id(Master001)
2018-08-02T16:52:29+08:00 [-] [-] [development] [I] [rpcserver.go:65] RPCServer close success id(Master001)
2018-08-02T16:52:29+08:00 [-] [-] [development] [I] [app.go:255] RPCClient closeing type(Gate) id(Gate001)
2018-08-02T16:52:29+08:00 [-] [-] [development] [I] [app.go:260] RPCClient close success type(Gate) id(Gate001)
2018-08-02T16:52:29+08:00 [-] [-] [development] [I] [app.go:255] RPCClient closeing type(Master) id(Master001)
2018-08-02T16:52:29+08:00 [-] [-] [development] [I] [app.go:260] RPCClient close success type(Master) id(Master001)
2018-08-02T16:52:29+08:00 [-] [-] [development] [I] [app.go:255] RPCClient closeing type(Login) id(Login001)
2018-08-02T16:52:29+08:00 [-] [-] [development] [I] [app.go:260] RPCClient close success type(Login) id(Login001)
2018-08-02T16:52:29+08:00 [-] [-] [development] [I] [app.go:255] RPCClient closeing type(Test) id(Test001)
2018-08-02T16:52:29+08:00 [-] [-] [development] [I] [app.go:260] RPCClient close success type(Test) id(Test001)
2018-08-02T16:52:29+08:00 [-] [-] [development] [I] [app.go:255] RPCClient closeing type(Webapp) id(Webapp001)
2018-08-02T16:52:29+08:00 [-] [-] [development] [I] [app.go:260] RPCClient close success type(Webapp) id(Webapp001)
2018-08-02T16:52:29+08:00 [-] [-] [development] [I] [app.go:178] mqant closing down (signal: interrupt)
2018-08-02T16:55:53+08:00 [-] [-] [development] [I] [app.go:143] mqant 1.8.0 starting up
2018-08-02T16:55:53+08:00 [-] [-] [development] [I] [app.go:247] RPCClient create success type(Test) id(Test001)
2018-08-02T16:55:53+08:00 [-] [-] [development] [I] [app.go:247] RPCClient create success type(Webapp) id(Webapp001)
2018-08-02T16:55:53+08:00 [-] [-] [development] [I] [app.go:247] RPCClient create success type(Gate) id(Gate001)
2018-08-02T16:55:53+08:00 [-] [-] [development] [I] [app.go:247] RPCClient create success type(Master) id(Master001)
2018-08-02T16:55:53+08:00 [-] [-] [development] [I] [app.go:247] RPCClient create success type(Login) id(Login001)
2018-08-02T16:55:53+08:00 [-] [-] [development] [I] [ModuleManager.go:50] This service ProcessID is [development]
2018-08-02T16:55:53+08:00 [-] [-] [development] [I] [rpcserver.go:56] RPCServer init success id(Master001) version(1.0.0)
2018-08-02T16:55:53+08:00 [-] [-] [development] [I] [rpcserver.go:56] RPCServer init success id(Gate001) version(1.0.0)
2018-08-02T16:55:53+08:00 [-] [-] [development] [I] [ws_server.go:117] WS Listen ::3653
2018-08-02T16:55:53+08:00 [-] [-] [development] [I] [tcp_server.go:39] TCP Listen ::3563
2018-08-02T16:58:02+08:00 [-] [-] [development] [I] [CustomAgent.go:32] CustomAgent%!(EXTRA string=OnInit)
2018-08-02T16:59:47+08:00 [-] [-] [development] [I] [CustomAgent.go:53] CustomAgent%!(EXTRA string=开始读数据了)
2018-08-02T16:59:47+08:00 [-] [-] [development] [I] [CustomAgent.go:113] CustomAgent%!(EXTRA string=连接断开事件)
2018-08-02T16:59:47+08:00 [-] [-] [development] [I] [module.go:63] 客户端断开了链接
2018-08-02T17:00:15+08:00 [-] [-] [development] [I] [app.go:143] mqant 1.8.0 starting up
2018-08-02T17:00:15+08:00 [-] [-] [development] [I] [app.go:247] RPCClient create success type(Master) id(Master001)
2018-08-02T17:00:15+08:00 [-] [-] [development] [I] [app.go:247] RPCClient create success type(Login) id(Login001)
2018-08-02T17:00:15+08:00 [-] [-] [development] [I] [app.go:247] RPCClient create success type(Test) id(Test001)
2018-08-02T17:00:15+08:00 [-] [-] [development] [I] [app.go:247] RPCClient create success type(Webapp) id(Webapp001)
2018-08-02T17:00:15+08:00 [-] [-] [development] [I] [app.go:247] RPCClient create success type(Gate) id(Gate001)
2018-08-02T17:00:15+08:00 [-] [-] [development] [I] [ModuleManager.go:50] This service ProcessID is [development]
2018-08-02T17:00:15+08:00 [-] [-] [development] [I] [rpcserver.go:56] RPCServer init success id(Master001) version(1.0.0)
2018-08-02T17:00:15+08:00 [-] [-] [development] [I] [rpcserver.go:56] RPCServer init success id(Gate001) version(1.0.0)
2018-08-02T17:00:15+08:00 [-] [-] [development] [I] [ws_server.go:117] WS Listen ::3653
2018-08-02T17:00:15+08:00 [-] [-] [development] [I] [tcp_server.go:39] TCP Listen ::3563
2018-08-02T17:15:55+08:00 [-] [-] [development] [I] [rpcserver.go:60] RPCServer closeing id(Gate001)
2018-08-02T17:15:55+08:00 [-] [-] [development] [I] [rpcserver.go:65] RPCServer close success id(Gate001)
2018-08-02T17:15:55+08:00 [-] [-] [development] [I] [rpcserver.go:60] RPCServer closeing id(Master001)
2018-08-02T17:15:55+08:00 [-] [-] [development] [I] [rpcserver.go:65] RPCServer close success id(Master001)
2018-08-02T17:15:55+08:00 [-] [-] [development] [I] [app.go:255] RPCClient closeing type(Master) id(Master001)
2018-08-02T17:15:55+08:00 [-] [-] [development] [I] [app.go:260] RPCClient close success type(Master) id(Master001)
2018-08-02T17:15:55+08:00 [-] [-] [development] [I] [app.go:255] RPCClient closeing type(Login) id(Login001)
2018-08-02T17:15:55+08:00 [-] [-] [development] [I] [app.go:260] RPCClient close success type(Login) id(Login001)
2018-08-02T17:15:55+08:00 [-] [-] [development] [I] [app.go:255] RPCClient closeing type(Test) id(Test001)
2018-08-02T17:15:55+08:00 [-] [-] [development] [I] [app.go:260] RPCClient close success type(Test) id(Test001)
2018-08-02T17:15:55+08:00 [-] [-] [development] [I] [app.go:255] RPCClient closeing type(Webapp) id(Webapp001)
2018-08-02T17:15:55+08:00 [-] [-] [development] [I] [app.go:260] RPCClient close success type(Webapp) id(Webapp001)
2018-08-02T17:15:55+08:00 [-] [-] [development] [I] [app.go:255] RPCClient closeing type(Gate) id(Gate001)
2018-08-02T17:15:55+08:00 [-] [-] [development] [I] [app.go:260] RPCClient close success type(Gate) id(Gate001)
2018-08-02T17:15:55+08:00 [-] [-] [development] [I] [app.go:178] mqant closing down (signal: interrupt)
2018-08-02T17:17:17+08:00 [-] [-] [development] [I] [app.go:143] mqant 1.8.0 starting up
2018-08-02T17:17:17+08:00 [-] [-] [development] [I] [app.go:247] RPCClient create success type(Gate) id(Gate001)
2018-08-02T17:17:17+08:00 [-] [-] [development] [I] [app.go:247] RPCClient create success type(Master) id(Master001)
2018-08-02T17:17:17+08:00 [-] [-] [development] [I] [app.go:247] RPCClient create success type(Login) id(Login001)
2018-08-02T17:17:17+08:00 [-] [-] [development] [I] [app.go:247] RPCClient create success type(Test) id(Test001)
2018-08-02T17:17:17+08:00 [-] [-] [development] [I] [app.go:247] RPCClient create success type(Webapp) id(Webapp001)
2018-08-02T17:17:17+08:00 [-] [-] [development] [I] [ModuleManager.go:50] This service ProcessID is [development]
2018-08-02T17:17:17+08:00 [-] [-] [development] [I] [rpcserver.go:56] RPCServer init success id(Master001) version(1.0.0)
2018-08-02T17:17:17+08:00 [-] [-] [development] [I] [rpcserver.go:56] RPCServer init success id(Gate001) version(1.0.0)
2018-08-02T17:17:17+08:00 [-] [-] [development] [I] [ws_server.go:117] WS Listen ::3653
2018-08-02T17:17:17+08:00 [-] [-] [development] [I] [tcp_server.go:39] TCP Listen ::3563
2018-08-02T17:17:33+08:00 [-] [-] [development] [I] [rpcserver.go:60] RPCServer closeing id(Gate001)
2018-08-02T17:17:33+08:00 [-] [-] [development] [I] [rpcserver.go:65] RPCServer close success id(Gate001)
2018-08-02T17:17:33+08:00 [-] [-] [development] [I] [rpcserver.go:60] RPCServer closeing id(Master001)
2018-08-02T17:17:33+08:00 [-] [-] [development] [I] [rpcserver.go:65] RPCServer close success id(Master001)
2018-08-02T17:17:33+08:00 [-] [-] [development] [I] [app.go:255] RPCClient closeing type(Gate) id(Gate001)
2018-08-02T17:17:33+08:00 [-] [-] [development] [I] [app.go:260] RPCClient close success type(Gate) id(Gate001)
2018-08-02T17:17:33+08:00 [-] [-] [development] [I] [app.go:255] RPCClient closeing type(Master) id(Master001)
2018-08-02T17:17:33+08:00 [-] [-] [development] [I] [app.go:260] RPCClient close success type(Master) id(Master001)
2018-08-02T17:17:33+08:00 [-] [-] [development] [I] [app.go:255] RPCClient closeing type(Login) id(Login001)
2018-08-02T17:17:33+08:00 [-] [-] [development] [I] [app.go:260] RPCClient close success type(Login) id(Login001)
2018-08-02T17:17:33+08:00 [-] [-] [development] [I] [app.go:255] RPCClient closeing type(Test) id(Test001)
2018-08-02T17:17:33+08:00 [-] [-] [development] [I] [app.go:260] RPCClient close success type(Test) id(Test001)
2018-08-02T17:17:33+08:00 [-] [-] [development] [I] [app.go:255] RPCClient closeing type(Webapp) id(Webapp001)
2018-08-02T17:17:33+08:00 [-] [-] [development] [I] [app.go:260] RPCClient close success type(Webapp) id(Webapp001)
2018-08-02T17:17:33+08:00 [-] [-] [development] [I] [app.go:178] mqant closing down (signal: interrupt)
2018-08-02T17:36:37+08:00 [-] [-] [development] [I] [app.go:143] mqant 1.8.0 starting up
2018-08-02T17:36:37+08:00 [-] [-] [development] [I] [app.go:247] RPCClient create success type(Gate) id(Gate001)
2018-08-02T17:36:37+08:00 [-] [-] [development] [I] [app.go:247] RPCClient create success type(Master) id(Master001)
2018-08-02T17:36:37+08:00 [-] [-] [development] [I] [app.go:247] RPCClient create success type(Login) id(Login001)
2018-08-02T17:36:37+08:00 [-] [-] [development] [I] [app.go:247] RPCClient create success type(Test) id(Test001)
2018-08-02T17:36:37+08:00 [-] [-] [development] [I] [app.go:247] RPCClient create success type(Webapp) id(Webapp001)
2018-08-02T17:36:37+08:00 [-] [-] [development] [I] [ModuleManager.go:50] This service ProcessID is [development]
2018-08-02T17:36:37+08:00 [-] [-] [development] [I] [rpcserver.go:56] RPCServer init success id(Master001) version(1.0.0)
2018-08-02T17:36:37+08:00 [-] [-] [development] [I] [rpcserver.go:56] RPCServer init success id(Gate001) version(1.0.0)
2018-08-02T17:36:37+08:00 [-] [-] [development] [I] [ws_server.go:117] WS Listen ::3653
2018-08-02T17:36:37+08:00 [-] [-] [development] [I] [tcp_server.go:39] TCP Listen ::3563
2018-08-02T17:38:19+08:00 [-] [-] [development] [I] [rpcserver.go:60] RPCServer closeing id(Gate001)
2018-08-02T17:38:19+08:00 [-] [-] [development] [I] [rpcserver.go:65] RPCServer close success id(Gate001)
2018-08-02T17:38:19+08:00 [-] [-] [development] [I] [rpcserver.go:60] RPCServer closeing id(Master001)
2018-08-02T17:38:19+08:00 [-] [-] [development] [I] [rpcserver.go:65] RPCServer close success id(Master001)
2018-08-02T17:38:19+08:00 [-] [-] [development] [I] [app.go:255] RPCClient closeing type(Master) id(Master001)
2018-08-02T17:38:19+08:00 [-] [-] [development] [I] [app.go:260] RPCClient close success type(Master) id(Master001)
2018-08-02T17:38:19+08:00 [-] [-] [development] [I] [app.go:255] RPCClient closeing type(Login) id(Login001)
2018-08-02T17:38:19+08:00 [-] [-] [development] [I] [app.go:260] RPCClient close success type(Login) id(Login001)
2018-08-02T17:38:19+08:00 [-] [-] [development] [I] [app.go:255] RPCClient closeing type(Test) id(Test001)
2018-08-02T17:38:19+08:00 [-] [-] [development] [I] [app.go:260] RPCClient close success type(Test) id(Test001)
2018-08-02T17:38:19+08:00 [-] [-] [development] [I] [app.go:255] RPCClient closeing type(Webapp) id(Webapp001)
2018-08-02T17:38:19+08:00 [-] [-] [development] [I] [app.go:260] RPCClient close success type(Webapp) id(Webapp001)
2018-08-02T17:38:19+08:00 [-] [-] [development] [I] [app.go:255] RPCClient closeing type(Gate) id(Gate001)
2018-08-02T17:38:19+08:00 [-] [-] [development] [I] [app.go:260] RPCClient close success type(Gate) id(Gate001)
2018-08-02T17:38:19+08:00 [-] [-] [development] [I] [app.go:178] mqant closing down (signal: interrupt)
2018-08-02T17:38:21+08:00 [-] [-] [development] [I] [app.go:143] mqant 1.8.0 starting up
2018-08-02T17:38:21+08:00 [-] [-] [development] [I] [app.go:247] RPCClient create success type(Gate) id(Gate001)
2018-08-02T17:38:21+08:00 [-] [-] [development] [I] [app.go:247] RPCClient create success type(Master) id(Master001)
2018-08-02T17:38:21+08:00 [-] [-] [development] [I] [app.go:247] RPCClient create success type(Login) id(Login001)
2018-08-02T17:38:21+08:00 [-] [-] [development] [I] [app.go:247] RPCClient create success type(Test) id(Test001)
2018-08-02T17:38:21+08:00 [-] [-] [development] [I] [app.go:247] RPCClient create success type(Webapp) id(Webapp001)
2018-08-02T17:38:21+08:00 [-] [-] [development] [I] [ModuleManager.go:50] This service ProcessID is [development]
2018-08-02T17:38:21+08:00 [-] [-] [development] [I] [rpcserver.go:56] RPCServer init success id(Master001) version(1.0.0)
2018-08-02T17:38:21+08:00 [-] [-] [development] [I] [rpcserver.go:56] RPCServer init success id(Gate001) version(1.0.0)
2018-08-02T17:38:21+08:00 [-] [-] [development] [I] [ws_server.go:117] WS Listen ::3653
2018-08-02T17:38:21+08:00 [-] [-] [development] [I] [tcp_server.go:39] TCP Listen ::3563
2018-08-02T17:39:04+08:00 [-] [-] [development] [I] [CustomAgent.go:32] CustomAgent%!(EXTRA string=OnInit)
2018-08-02T17:39:04+08:00 [-] [-] [development] [I] [CustomAgent.go:53] CustomAgent%!(EXTRA string=开始读数据了)
2018-08-02T17:39:04+08:00 [-] [-] [development] [I] [CustomAgent.go:113] CustomAgent%!(EXTRA string=连接断开事件)
2018-08-02T17:39:04+08:00 [-] [-] [development] [I] [module.go:60] 客户端断开了链接
2018-08-02T17:39:10+08:00 [-] [-] [development] [I] [CustomAgent.go:32] CustomAgent%!(EXTRA string=OnInit)
2018-08-02T17:39:10+08:00 [-] [-] [development] [I] [CustomAgent.go:53] CustomAgent%!(EXTRA string=开始读数据了)
2018-08-02T17:39:10+08:00 [-] [-] [development] [I] [CustomAgent.go:113] CustomAgent%!(EXTRA string=连接断开事件)
2018-08-02T17:39:10+08:00 [-] [-] [development] [I] [module.go:60] 客户端断开了链接
2018-08-02T17:46:33+08:00 [-] [-] [development] [I] [rpcserver.go:60] RPCServer closeing id(Gate001)
2018-08-02T17:46:33+08:00 [-] [-] [development] [I] [rpcserver.go:65] RPCServer close success id(Gate001)
2018-08-02T17:46:33+08:00 [-] [-] [development] [I] [rpcserver.go:60] RPCServer closeing id(Master001)
2018-08-02T17:46:33+08:00 [-] [-] [development] [I] [rpcserver.go:65] RPCServer close success id(Master001)
2018-08-02T17:46:33+08:00 [-] [-] [development] [I] [app.go:255] RPCClient closeing type(Gate) id(Gate001)
2018-08-02T17:46:33+08:00 [-] [-] [development] [I] [app.go:260] RPCClient close success type(Gate) id(Gate001)
2018-08-02T17:46:33+08:00 [-] [-] [development] [I] [app.go:255] RPCClient closeing type(Master) id(Master001)
2018-08-02T17:46:33+08:00 [-] [-] [development] [I] [app.go:260] RPCClient close success type(Master) id(Master001)
2018-08-02T17:46:33+08:00 [-] [-] [development] [I] [app.go:255] RPCClient closeing type(Login) id(Login001)
2018-08-02T17:46:33+08:00 [-] [-] [development] [I] [app.go:260] RPCClient close success type(Login) id(Login001)
2018-08-02T17:46:33+08:00 [-] [-] [development] [I] [app.go:255] RPCClient closeing type(Test) id(Test001)
2018-08-02T17:46:33+08:00 [-] [-] [development] [I] [app.go:260] RPCClient close success type(Test) id(Test001)
2018-08-02T17:46:33+08:00 [-] [-] [development] [I] [app.go:255] RPCClient closeing type(Webapp) id(Webapp001)
2018-08-02T17:46:33+08:00 [-] [-] [development] [I] [app.go:260] RPCClient close success type(Webapp) id(Webapp001)
2018-08-02T17:46:33+08:00 [-] [-] [development] [I] [app.go:178] mqant closing down (signal: interrupt)
2018-08-02T17:46:36+08:00 [-] [-] [development] [I] [app.go:143] mqant 1.8.0 starting up
2018-08-02T17:46:36+08:00 [-] [-] [development] [I] [app.go:247] RPCClient create success type(Webapp) id(Webapp001)
2018-08-02T17:46:36+08:00 [-] [-] [development] [I] [app.go:247] RPCClient create success type(Gate) id(Gate001)
2018-08-02T17:46:36+08:00 [-] [-] [development] [I] [app.go:247] RPCClient create success type(Master) id(Master001)
2018-08-02T17:46:36+08:00 [-] [-] [development] [I] [app.go:247] RPCClient create success type(Login) id(Login001)
2018-08-02T17:46:36+08:00 [-] [-] [development] [I] [app.go:247] RPCClient create success type(Test) id(Test001)
2018-08-02T17:46:36+08:00 [-] [-] [development] [I] [ModuleManager.go:50] This service ProcessID is [development]
2018-08-02T17:46:36+08:00 [-] [-] [development] [I] [rpcserver.go:56] RPCServer init success id(Master001) version(1.0.0)
2018-08-02T17:46:36+08:00 [-] [-] [development] [I] [rpcserver.go:56] RPCServer init success id(Gate001) version(1.0.0)
2018-08-02T17:46:36+08:00 [-] [-] [development] [I] [ws_server.go:117] WS Listen ::3653
2018-08-02T17:46:36+08:00 [-] [-] [development] [I] [tcp_server.go:39] TCP Listen ::3563
2018-08-02T17:46:40+08:00 [-] [-] [development] [I] [CustomAgent.go:35] CustomAgent%!(EXTRA string=OnInit)
2018-08-02T17:46:40+08:00 [-] [-] [development] [I] [CustomAgent.go:56] CustomAgent%!(EXTRA string=开始读数据了)
2018-08-02T17:46:40+08:00 [-] [-] [development] [I] [CustomAgent.go:132] CustomAgent%!(EXTRA string=连接断开事件)
2018-08-02T17:46:40+08:00 [-] [-] [development] [I] [module.go:60] 客户端断开了链接
2018-08-02T17:47:28+08:00 [-] [-] [development] [I] [rpcserver.go:60] RPCServer closeing id(Gate001)
2018-08-02T17:47:28+08:00 [-] [-] [development] [I] [rpcserver.go:65] RPCServer close success id(Gate001)
2018-08-02T17:47:28+08:00 [-] [-] [development] [I] [rpcserver.go:60] RPCServer closeing id(Master001)
2018-08-02T17:47:28+08:00 [-] [-] [development] [I] [rpcserver.go:65] RPCServer close success id(Master001)
2018-08-02T17:47:28+08:00 [-] [-] [development] [I] [app.go:255] RPCClient closeing type(Login) id(Login001)
2018-08-02T17:47:28+08:00 [-] [-] [development] [I] [app.go:260] RPCClient close success type(Login) id(Login001)
2018-08-02T17:47:28+08:00 [-] [-] [development] [I] [app.go:255] RPCClient closeing type(Test) id(Test001)
2018-08-02T17:47:28+08:00 [-] [-] [development] [I] [app.go:260] RPCClient close success type(Test) id(Test001)
2018-08-02T17:47:28+08:00 [-] [-] [development] [I] [app.go:255] RPCClient closeing type(Webapp) id(Webapp001)
2018-08-02T17:47:28+08:00 [-] [-] [development] [I] [app.go:260] RPCClient close success type(Webapp) id(Webapp001)
2018-08-02T17:47:28+08:00 [-] [-] [development] [I] [app.go:255] RPCClient closeing type(Gate) id(Gate001)
2018-08-02T17:47:28+08:00 [-] [-] [development] [I] [app.go:260] RPCClient close success type(Gate) id(Gate001)
2018-08-02T17:47:28+08:00 [-] [-] [development] [I] [app.go:255] RPCClient closeing type(Master) id(Master001)
2018-08-02T17:47:28+08:00 [-] [-] [development] [I] [app.go:260] RPCClient close success type(Master) id(Master001)
2018-08-02T17:47:28+08:00 [-] [-] [development] [I] [app.go:178] mqant closing down (signal: interrupt)
2018-08-02T17:47:31+08:00 [-] [-] [development] [I] [app.go:143] mqant 1.8.0 starting up
2018-08-02T17:47:31+08:00 [-] [-] [development] [I] [app.go:247] RPCClient create success type(Gate) id(Gate001)
2018-08-02T17:47:31+08:00 [-] [-] [development] [I] [app.go:247] RPCClient create success type(Master) id(Master001)
2018-08-02T17:47:31+08:00 [-] [-] [development] [I] [app.go:247] RPCClient create success type(Login) id(Login001)
2018-08-02T17:47:31+08:00 [-] [-] [development] [I] [app.go:247] RPCClient create success type(Test) id(Test001)
2018-08-02T17:47:31+08:00 [-] [-] [development] [I] [app.go:247] RPCClient create success type(Webapp) id(Webapp001)
2018-08-02T17:47:31+08:00 [-] [-] [development] [I] [ModuleManager.go:50] This service ProcessID is [development]
2018-08-02T17:47:31+08:00 [-] [-] [development] [I] [rpcserver.go:56] RPCServer init success id(Master001) version(1.0.0)
2018-08-02T17:47:31+08:00 [-] [-] [development] [I] [rpcserver.go:56] RPCServer init success id(Gate001) version(1.0.0)
2018-08-02T17:47:31+08:00 [-] [-] [development] [I] [ws_server.go:117] WS Listen ::3653
2018-08-02T17:47:31+08:00 [-] [-] [development] [I] [tcp_server.go:39] TCP Listen ::3563
2018-08-02T17:47:35+08:00 [-] [-] [development] [I] [CustomAgent.go:35] CustomAgent%!(EXTRA string=OnInit)
2018-08-02T17:47:35+08:00 [-] [-] [development] [I] [CustomAgent.go:56] CustomAgent%!(EXTRA string=开始读数据了)
2018-08-02T17:47:35+08:00 [-] [-] [development] [I] [CustomAgent.go:68] read, head n=2
2018-08-02T17:47:35+08:00 [-] [-] [development] [I] [CustomAgent.go:133] CustomAgent%!(EXTRA string=连接断开事件)
2018-08-02T17:47:35+08:00 [-] [-] [development] [I] [module.go:60] 客户端断开了链接
2018-08-02T17:48:03+08:00 [-] [-] [development] [I] [rpcserver.go:60] RPCServer closeing id(Gate001)
2018-08-02T17:48:03+08:00 [-] [-] [development] [I] [rpcserver.go:65] RPCServer close success id(Gate001)
2018-08-02T17:48:03+08:00 [-] [-] [development] [I] [rpcserver.go:60] RPCServer closeing id(Master001)
2018-08-02T17:48:03+08:00 [-] [-] [development] [I] [rpcserver.go:65] RPCServer close success id(Master001)
2018-08-02T17:48:03+08:00 [-] [-] [development] [I] [app.go:255] RPCClient closeing type(Gate) id(Gate001)
2018-08-02T17:48:03+08:00 [-] [-] [development] [I] [app.go:260] RPCClient close success type(Gate) id(Gate001)
2018-08-02T17:48:03+08:00 [-] [-] [development] [I] [app.go:255] RPCClient closeing type(Master) id(Master001)
2018-08-02T17:48:03+08:00 [-] [-] [development] [I] [app.go:260] RPCClient close success type(Master) id(Master001)
2018-08-02T17:48:03+08:00 [-] [-] [development] [I] [app.go:255] RPCClient closeing type(Login) id(Login001)
2018-08-02T17:48:03+08:00 [-] [-] [development] [I] [app.go:260] RPCClient close success type(Login) id(Login001)
2018-08-02T17:48:03+08:00 [-] [-] [development] [I] [app.go:255] RPCClient closeing type(Test) id(Test001)
2018-08-02T17:48:03+08:00 [-] [-] [development] [I] [app.go:260] RPCClient close success type(Test) id(Test001)
2018-08-02T17:48:03+08:00 [-] [-] [development] [I] [app.go:255] RPCClient closeing type(Webapp) id(Webapp001)
2018-08-02T17:48:03+08:00 [-] [-] [development] [I] [app.go:260] RPCClient close success type(Webapp) id(Webapp001)
2018-08-02T17:48:03+08:00 [-] [-] [development] [I] [app.go:178] mqant closing down (signal: interrupt)
2018-08-02T17:48:06+08:00 [-] [-] [development] [I] [app.go:143] mqant 1.8.0 starting up
2018-08-02T17:48:06+08:00 [-] [-] [development] [I] [app.go:247] RPCClient create success type(Test) id(Test001)
2018-08-02T17:48:06+08:00 [-] [-] [development] [I] [app.go:247] RPCClient create success type(Webapp) id(Webapp001)
2018-08-02T17:48:06+08:00 [-] [-] [development] [I] [app.go:247] RPCClient create success type(Gate) id(Gate001)
2018-08-02T17:48:06+08:00 [-] [-] [development] [I] [app.go:247] RPCClient create success type(Master) id(Master001)
2018-08-02T17:48:06+08:00 [-] [-] [development] [I] [app.go:247] RPCClient create success type(Login) id(Login001)
2018-08-02T17:48:06+08:00 [-] [-] [development] [I] [ModuleManager.go:50] This service ProcessID is [development]
2018-08-02T17:48:06+08:00 [-] [-] [development] [I] [rpcserver.go:56] RPCServer init success id(Master001) version(1.0.0)
2018-08-02T17:48:06+08:00 [-] [-] [development] [I] [rpcserver.go:56] RPCServer init success id(Gate001) version(1.0.0)
2018-08-02T17:48:06+08:00 [-] [-] [development] [I] [ws_server.go:117] WS Listen ::3653
2018-08-02T17:48:06+08:00 [-] [-] [development] [I] [tcp_server.go:39] TCP Listen ::3563
2018-08-02T17:48:08+08:00 [-] [-] [development] [I] [CustomAgent.go:35] CustomAgent%!(EXTRA string=OnInit)
2018-08-02T17:48:08+08:00 [-] [-] [development] [I] [CustomAgent.go:56] CustomAgent%!(EXTRA string=开始读数据了)
2018-08-02T17:48:08+08:00 [-] [-] [development] [I] [CustomAgent.go:68] read, head n=0
2018-08-02T17:48:08+08:00 [-] [-] [development] [I] [CustomAgent.go:134] CustomAgent%!(EXTRA string=连接断开事件)
2018-08-02T17:48:08+08:00 [-] [-] [development] [I] [module.go:60] 客户端断开了链接
2018-08-02T17:49:05+08:00 [-] [-] [development] [I] [CustomAgent.go:35] CustomAgent%!(EXTRA string=OnInit)
2018-08-02T17:49:05+08:00 [-] [-] [development] [I] [CustomAgent.go:56] CustomAgent%!(EXTRA string=开始读数据了)
2018-08-02T17:49:05+08:00 [-] [-] [development] [I] [CustomAgent.go:68] read, head n=2
2018-08-02T17:49:05+08:00 [-] [-] [development] [I] [CustomAgent.go:73] read1, head n=39
2018-08-02T17:49:05+08:00 [-] [-] [development] [I] [CustomAgent.go:134] CustomAgent%!(EXTRA string=连接断开事件)
2018-08-02T17:49:05+08:00 [-] [-] [development] [I] [module.go:60] 客户端断开了链接
2018-08-02T17:49:21+08:00 [-] [-] [development] [I] [CustomAgent.go:35] CustomAgent%!(EXTRA string=OnInit)
2018-08-02T17:49:21+08:00 [-] [-] [development] [I] [CustomAgent.go:56] CustomAgent%!(EXTRA string=开始读数据了)
2018-08-02T17:49:21+08:00 [-] [-] [development] [I] [CustomAgent.go:68] read, head n=2
2018-08-02T17:49:21+08:00 [-] [-] [development] [I] [CustomAgent.go:73] read1, head n=0
2018-08-02T17:49:21+08:00 [-] [-] [development] [I] [CustomAgent.go:134] CustomAgent%!(EXTRA string=连接断开事件)
2018-08-02T17:49:21+08:00 [-] [-] [development] [I] [module.go:60] 客户端断开了链接
2018-08-02T17:49:24+08:00 [-] [-] [development] [I] [CustomAgent.go:35] CustomAgent%!(EXTRA string=OnInit)
2018-08-02T17:49:24+08:00 [-] [-] [development] [I] [CustomAgent.go:56] CustomAgent%!(EXTRA string=开始读数据了)
2018-08-02T17:49:24+08:00 [-] [-] [development] [I] [CustomAgent.go:68] read, head n=2
2018-08-02T17:49:24+08:00 [-] [-] [development] [I] [CustomAgent.go:73] read1, head n=0
2018-08-02T17:49:24+08:00 [-] [-] [development] [I] [CustomAgent.go:134] CustomAgent%!(EXTRA string=连接断开事件)
2018-08-02T17:49:24+08:00 [-] [-] [development] [I] [module.go:60] 客户端断开了链接
2018-08-02T17:49:26+08:00 [-] [-] [development] [I] [CustomAgent.go:35] CustomAgent%!(EXTRA string=OnInit)
2018-08-02T17:49:26+08:00 [-] [-] [development] [I] [CustomAgent.go:56] CustomAgent%!(EXTRA string=开始读数据了)
2018-08-02T17:49:26+08:00 [-] [-] [development] [I] [CustomAgent.go:68] read, head n=2
2018-08-02T17:49:26+08:00 [-] [-] [development] [I] [CustomAgent.go:73] read1, head n=0
2018-08-02T17:49:26+08:00 [-] [-] [development] [I] [CustomAgent.go:134] CustomAgent%!(EXTRA string=连接断开事件)
2018-08-02T17:49:26+08:00 [-] [-] [development] [I] [module.go:60] 客户端断开了链接
2018-08-02T17:49:29+08:00 [-] [-] [development] [I] [CustomAgent.go:35] CustomAgent%!(EXTRA string=OnInit)
2018-08-02T17:49:29+08:00 [-] [-] [development] [I] [CustomAgent.go:56] CustomAgent%!(EXTRA string=开始读数据了)
2018-08-02T17:49:29+08:00 [-] [-] [development] [I] [CustomAgent.go:68] read, head n=0
2018-08-02T17:49:29+08:00 [-] [-] [development] [I] [CustomAgent.go:134] CustomAgent%!(EXTRA string=连接断开事件)
2018-08-02T17:49:29+08:00 [-] [-] [development] [I] [module.go:60] 客户端断开了链接
2018-08-02T17:49:54+08:00 [-] [-] [development] [I] [CustomAgent.go:35] CustomAgent%!(EXTRA string=OnInit)
2018-08-02T17:49:54+08:00 [-] [-] [development] [I] [CustomAgent.go:56] CustomAgent%!(EXTRA string=开始读数据了)
2018-08-02T17:49:54+08:00 [-] [-] [development] [I] [CustomAgent.go:68] read, head n=2
2018-08-02T17:49:54+08:00 [-] [-] [development] [I] [CustomAgent.go:73] read1, head n=39
2018-08-02T17:49:54+08:00 [-] [-] [development] [I] [CustomAgent.go:134] CustomAgent%!(EXTRA string=连接断开事件)
2018-08-02T17:49:54+08:00 [-] [-] [development] [I] [module.go:60] 客户端断开了链接
2018-08-02T17:50:00+08:00 [-] [-] [development] [I] [CustomAgent.go:35] CustomAgent%!(EXTRA string=OnInit)
2018-08-02T17:50:00+08:00 [-] [-] [development] [I] [CustomAgent.go:56] CustomAgent%!(EXTRA string=开始读数据了)
2018-08-02T17:50:00+08:00 [-] [-] [development] [I] [CustomAgent.go:68] read, head n=2
2018-08-02T17:50:00+08:00 [-] [-] [development] [I] [CustomAgent.go:73] read1, head n=39
2018-08-02T17:50:00+08:00 [-] [-] [development] [I] [CustomAgent.go:134] CustomAgent%!(EXTRA string=连接断开事件)
2018-08-02T17:50:00+08:00 [-] [-] [development] [I] [module.go:60] 客户端断开了链接
2018-08-02T18:27:54+08:00 [-] [-] [development] [I] [rpcserver.go:60] RPCServer closeing id(Gate001)
2018-08-02T18:27:54+08:00 [-] [-] [development] [I] [rpcserver.go:65] RPCServer close success id(Gate001)
2018-08-02T18:27:54+08:00 [-] [-] [development] [I] [rpcserver.go:60] RPCServer closeing id(Master001)
2018-08-02T18:27:54+08:00 [-] [-] [development] [I] [rpcserver.go:65] RPCServer close success id(Master001)
2018-08-02T18:27:54+08:00 [-] [-] [development] [I] [app.go:255] RPCClient closeing type(Test) id(Test001)
2018-08-02T18:27:54+08:00 [-] [-] [development] [I] [app.go:260] RPCClient close success type(Test) id(Test001)
2018-08-02T18:27:54+08:00 [-] [-] [development] [I] [app.go:255] RPCClient closeing type(Webapp) id(Webapp001)
2018-08-02T18:27:54+08:00 [-] [-] [development] [I] [app.go:260] RPCClient close success type(Webapp) id(Webapp001)
2018-08-02T18:27:54+08:00 [-] [-] [development] [I] [app.go:255] RPCClient closeing type(Gate) id(Gate001)
2018-08-02T18:27:54+08:00 [-] [-] [development] [I] [app.go:260] RPCClient close success type(Gate) id(Gate001)
2018-08-02T18:27:54+08:00 [-] [-] [development] [I] [app.go:255] RPCClient closeing type(Master) id(Master001)
2018-08-02T18:27:54+08:00 [-] [-] [development] [I] [app.go:260] RPCClient close success type(Master) id(Master001)
2018-08-02T18:27:54+08:00 [-] [-] [development] [I] [app.go:255] RPCClient closeing type(Login) id(Login001)
2018-08-02T18:27:54+08:00 [-] [-] [development] [I] [app.go:260] RPCClient close success type(Login) id(Login001)
2018-08-02T18:27:54+08:00 [-] [-] [development] [I] [app.go:178] mqant closing down (signal: interrupt)
2018-08-02T18:28:30+08:00 [-] [-] [development] [I] [app.go:143] mqant 1.8.0 starting up
2018-08-02T18:28:30+08:00 [-] [-] [development] [I] [app.go:247] RPCClient create success type(Gate) id(Gate001)
2018-08-02T18:28:30+08:00 [-] [-] [development] [I] [app.go:247] RPCClient create success type(Master) id(Master001)
2018-08-02T18:28:30+08:00 [-] [-] [development] [I] [app.go:247] RPCClient create success type(Login) id(Login001)
2018-08-02T18:28:30+08:00 [-] [-] [development] [I] [app.go:247] RPCClient create success type(Test) id(Test001)
2018-08-02T18:28:30+08:00 [-] [-] [development] [I] [app.go:247] RPCClient create success type(Webapp) id(Webapp001)
2018-08-02T18:28:30+08:00 [-] [-] [development] [I] [ModuleManager.go:50] This service ProcessID is [development]
2018-08-02T18:28:30+08:00 [-] [-] [development] [I] [rpcserver.go:56] RPCServer init success id(Master001) version(1.0.0)
2018-08-02T18:28:30+08:00 [-] [-] [development] [I] [rpcserver.go:56] RPCServer init success id(Gate001) version(1.0.0)
2018-08-02T18:28:30+08:00 [-] [-] [development] [I] [ws_server.go:117] WS Listen ::3653
2018-08-02T18:28:30+08:00 [-] [-] [development] [I] [tcp_server.go:39] TCP Listen ::3563
2018-08-02T18:35:39+08:00 [-] [-] [development] [I] [rpcserver.go:60] RPCServer closeing id(Gate001)
2018-08-02T18:35:39+08:00 [-] [-] [development] [I] [rpcserver.go:65] RPCServer close success id(Gate001)
2018-08-02T18:35:39+08:00 [-] [-] [development] [I] [rpcserver.go:60] RPCServer closeing id(Master001)
2018-08-02T18:35:39+08:00 [-] [-] [development] [I] [rpcserver.go:65] RPCServer close success id(Master001)
2018-08-02T18:35:39+08:00 [-] [-] [development] [I] [app.go:255] RPCClient closeing type(Master) id(Master001)
2018-08-02T18:35:39+08:00 [-] [-] [development] [I] [app.go:260] RPCClient close success type(Master) id(Master001)
2018-08-02T18:35:39+08:00 [-] [-] [development] [I] [app.go:255] RPCClient closeing type(Login) id(Login001)
2018-08-02T18:35:39+08:00 [-] [-] [development] [I] [app.go:260] RPCClient close success type(Login) id(Login001)
2018-08-02T18:35:39+08:00 [-] [-] [development] [I] [app.go:255] RPCClient closeing type(Test) id(Test001)
2018-08-02T18:35:39+08:00 [-] [-] [development] [I] [app.go:260] RPCClient close success type(Test) id(Test001)
2018-08-02T18:35:39+08:00 [-] [-] [development] [I] [app.go:255] RPCClient closeing type(Webapp) id(Webapp001)
2018-08-02T18:35:39+08:00 [-] [-] [development] [I] [app.go:260] RPCClient close success type(Webapp) id(Webapp001)
2018-08-02T18:35:39+08:00 [-] [-] [development] [I] [app.go:255] RPCClient closeing type(Gate) id(Gate001)
2018-08-02T18:35:39+08:00 [-] [-] [development] [I] [app.go:260] RPCClient close success type(Gate) id(Gate001)
2018-08-02T18:35:39+08:00 [-] [-] [development] [I] [app.go:178] mqant closing down (signal: interrupt)
2018-08-02T18:35:42+08:00 [-] [-] [development] [I] [app.go:143] mqant 1.8.0 starting up
2018-08-02T18:35:42+08:00 [-] [-] [development] [I] [app.go:247] RPCClient create success type(Master) id(Master001)
2018-08-02T18:35:42+08:00 [-] [-] [development] [I] [app.go:247] RPCClient create success type(Login) id(Login001)
2018-08-02T18:35:42+08:00 [-] [-] [development] [I] [app.go:247] RPCClient create success type(Test) id(Test001)
2018-08-02T18:35:42+08:00 [-] [-] [development] [I] [app.go:247] RPCClient create success type(Webapp) id(Webapp001)
2018-08-02T18:35:42+08:00 [-] [-] [development] [I] [app.go:247] RPCClient create success type(Gate) id(Gate001)
2018-08-02T18:35:42+08:00 [-] [-] [development] [I] [ModuleManager.go:50] This service ProcessID is [development]
2018-08-02T18:35:42+08:00 [-] [-] [development] [I] [rpcserver.go:56] RPCServer init success id(Master001) version(1.0.0)
2018-08-02T18:35:42+08:00 [-] [-] [development] [I] [rpcserver.go:56] RPCServer init success id(Gate001) version(1.0.0)
2018-08-02T18:35:42+08:00 [-] [-] [development] [I] [ws_server.go:117] WS Listen ::3653
2018-08-02T18:35:42+08:00 [-] [-] [development] [I] [tcp_server.go:39] TCP Listen ::3563
2018-08-02T18:46:18+08:00 [-] [-] [development] [I] [CustomAgent.go:36] CustomAgent%!(EXTRA string=OnInit)
2018-08-02T18:46:18+08:00 [-] [-] [development] [I] [CustomAgent.go:57] CustomAgent%!(EXTRA string=开始读数据了)
2018-08-02T18:46:18+08:00 [-] [-] [development] [I] [CustomAgent.go:70] read, head n=6
2018-08-02T18:46:18+08:00 [-] [-] [development] [I] [CustomAgent.go:76] read1, head n=35
2018-08-02T18:46:18+08:00 [-] [-] [development] [I] [CustomAgent.go:132] CustomAgent%!(EXTRA string=连接断开事件)
2018-08-02T18:46:18+08:00 [-] [-] [development] [I] [module.go:60] 客户端断开了链接
2018-08-02T18:46:38+08:00 [-] [-] [development] [I] [CustomAgent.go:36] CustomAgent%!(EXTRA string=OnInit)
2018-08-02T18:46:38+08:00 [-] [-] [development] [I] [CustomAgent.go:57] CustomAgent%!(EXTRA string=开始读数据了)
2018-08-02T18:46:38+08:00 [-] [-] [development] [I] [CustomAgent.go:70] read, head n=6
2018-08-02T18:46:38+08:00 [-] [-] [development] [I] [CustomAgent.go:76] read1, head n=35
2018-08-02T18:46:38+08:00 [-] [-] [development] [I] [CustomAgent.go:132] CustomAgent%!(EXTRA string=连接断开事件)
2018-08-02T18:46:38+08:00 [-] [-] [development] [I] [module.go:60] 客户端断开了链接
2018-08-02T18:46:44+08:00 [-] [-] [development] [I] [CustomAgent.go:36] CustomAgent%!(EXTRA string=OnInit)
2018-08-02T18:46:44+08:00 [-] [-] [development] [I] [CustomAgent.go:57] CustomAgent%!(EXTRA string=开始读数据了)
2018-08-02T18:46:44+08:00 [-] [-] [development] [I] [CustomAgent.go:70] read, head n=6
2018-08-02T18:46:44+08:00 [-] [-] [development] [I] [CustomAgent.go:76] read1, head n=35
2018-08-02T18:46:44+08:00 [-] [-] [development] [I] [CustomAgent.go:132] CustomAgent%!(EXTRA string=连接断开事件)
2018-08-02T18:46:44+08:00 [-] [-] [development] [I] [module.go:60] 客户端断开了链接
2018-08-02T18:49:59+08:00 [-] [-] [development] [I] [CustomAgent.go:36] CustomAgent%!(EXTRA string=OnInit)
2018-08-02T19:01:47+08:00 [-] [-] [development] [I] [CustomAgent.go:36] CustomAgent%!(EXTRA string=OnInit)
2018-08-02T19:02:00+08:00 [-] [-] [development] [I] [CustomAgent.go:57] CustomAgent%!(EXTRA string=开始读数据了)
2018-08-02T19:02:00+08:00 [-] [-] [development] [I] [CustomAgent.go:70] read, head n=6
2018-08-02T19:02:00+08:00 [-] [-] [development] [I] [CustomAgent.go:57] CustomAgent%!(EXTRA string=开始读数据了)
2018-08-02T19:02:00+08:00 [-] [-] [development] [I] [CustomAgent.go:70] read, head n=6
2018-08-02T19:02:00+08:00 [-] [-] [development] [I] [CustomAgent.go:76] read1, head n=20
2018-08-02T19:02:00+08:00 [-] [-] [development] [I] [CustomAgent.go:132] CustomAgent%!(EXTRA string=连接断开事件)
2018-08-02T19:02:00+08:00 [-] [-] [development] [I] [module.go:60] 客户端断开了链接
2018-08-02T19:02:16+08:00 [-] [-] [development] [I] [CustomAgent.go:36] CustomAgent%!(EXTRA string=OnInit)
2018-08-02T19:02:16+08:00 [-] [-] [development] [I] [CustomAgent.go:57] CustomAgent%!(EXTRA string=开始读数据了)
2018-08-02T19:02:30+08:00 [-] [-] [development] [I] [CustomAgent.go:70] read, head n=2
2018-08-02T19:02:30+08:00 [-] [-] [development] [I] [CustomAgent.go:132] CustomAgent%!(EXTRA string=连接断开事件)
2018-08-02T19:02:30+08:00 [-] [-] [development] [I] [module.go:60] 客户端断开了链接
2018-08-02T19:02:34+08:00 [-] [-] [development] [I] [CustomAgent.go:36] CustomAgent%!(EXTRA string=OnInit)
2018-08-02T19:02:34+08:00 [-] [-] [development] [I] [CustomAgent.go:57] CustomAgent%!(EXTRA string=开始读数据了)
2018-08-02T19:02:37+08:00 [-] [-] [development] [I] [CustomAgent.go:70] read, head n=2
2018-08-02T19:02:37+08:00 [-] [-] [development] [I] [CustomAgent.go:132] CustomAgent%!(EXTRA string=连接断开事件)
2018-08-02T19:02:37+08:00 [-] [-] [development] [I] [module.go:60] 客户端断开了链接
2018-08-02T19:04:24+08:00 [-] [-] [development] [I] [app.go:143] mqant 1.8.0 starting up
2018-08-02T19:04:24+08:00 [-] [-] [development] [I] [app.go:247] RPCClient create success type(Master) id(Master001)
2018-08-02T19:04:24+08:00 [-] [-] [development] [I] [app.go:247] RPCClient create success type(Login) id(Login001)
2018-08-02T19:04:24+08:00 [-] [-] [development] [I] [app.go:247] RPCClient create success type(Test) id(Test001)
2018-08-02T19:04:24+08:00 [-] [-] [development] [I] [app.go:247] RPCClient create success type(Webapp) id(Webapp001)
2018-08-02T19:04:24+08:00 [-] [-] [development] [I] [app.go:247] RPCClient create success type(Gate) id(Gate001)
2018-08-02T19:04:24+08:00 [-] [-] [development] [I] [ModuleManager.go:50] This service ProcessID is [development]
2018-08-02T19:04:24+08:00 [-] [-] [development] [I] [rpcserver.go:56] RPCServer init success id(Master001) version(1.0.0)
2018-08-02T19:04:24+08:00 [-] [-] [development] [I] [rpcserver.go:56] RPCServer init success id(Gate001) version(1.0.0)
2018-08-02T19:04:24+08:00 [-] [-] [development] [I] [ws_server.go:117] WS Listen ::3653
2018-08-02T19:04:24+08:00 [-] [-] [development] [I] [tcp_server.go:39] TCP Listen ::3563
2018-08-02T19:05:30+08:00 [-] [-] [development] [I] [rpcserver.go:60] RPCServer closeing id(Gate001)
2018-08-02T19:05:30+08:00 [-] [-] [development] [I] [rpcserver.go:65] RPCServer close success id(Gate001)
2018-08-02T19:05:30+08:00 [-] [-] [development] [I] [rpcserver.go:60] RPCServer closeing id(Master001)
2018-08-02T19:05:30+08:00 [-] [-] [development] [I] [rpcserver.go:65] RPCServer close success id(Master001)
2018-08-02T19:05:30+08:00 [-] [-] [development] [I] [app.go:255] RPCClient closeing type(Gate) id(Gate001)
2018-08-02T19:05:30+08:00 [-] [-] [development] [I] [app.go:260] RPCClient close success type(Gate) id(Gate001)
2018-08-02T19:05:30+08:00 [-] [-] [development] [I] [app.go:255] RPCClient closeing type(Master) id(Master001)
2018-08-02T19:05:30+08:00 [-] [-] [development] [I] [app.go:260] RPCClient close success type(Master) id(Master001)
2018-08-02T19:05:30+08:00 [-] [-] [development] [I] [app.go:255] RPCClient closeing type(Login) id(Login001)
2018-08-02T19:05:30+08:00 [-] [-] [development] [I] [app.go:260] RPCClient close success type(Login) id(Login001)
2018-08-02T19:05:30+08:00 [-] [-] [development] [I] [app.go:255] RPCClient closeing type(Test) id(Test001)
2018-08-02T19:05:30+08:00 [-] [-] [development] [I] [app.go:260] RPCClient close success type(Test) id(Test001)
2018-08-02T19:05:30+08:00 [-] [-] [development] [I] [app.go:255] RPCClient closeing type(Webapp) id(Webapp001)
2018-08-02T19:05:30+08:00 [-] [-] [development] [I] [app.go:260] RPCClient close success type(Webapp) id(Webapp001)
2018-08-02T19:05:30+08:00 [-] [-] [development] [I] [app.go:178] mqant closing down (signal: interrupt)
2018-08-02T19:05:39+08:00 [-] [-] [development] [I] [app.go:143] mqant 1.8.0 starting up
2018-08-02T19:05:39+08:00 [-] [-] [development] [I] [app.go:247] RPCClient create success type(Gate) id(Gate001)
2018-08-02T19:05:39+08:00 [-] [-] [development] [I] [app.go:247] RPCClient create success type(Master) id(Master001)
2018-08-02T19:05:39+08:00 [-] [-] [development] [I] [app.go:247] RPCClient create success type(Login) id(Login001)
2018-08-02T19:05:39+08:00 [-] [-] [development] [I] [app.go:247] RPCClient create success type(Test) id(Test001)
2018-08-02T19:05:39+08:00 [-] [-] [development] [I] [app.go:247] RPCClient create success type(Webapp) id(Webapp001)
2018-08-02T19:05:39+08:00 [-] [-] [development] [I] [ModuleManager.go:50] This service ProcessID is [development]
2018-08-02T19:05:39+08:00 [-] [-] [development] [I] [rpcserver.go:56] RPCServer init success id(Master001) version(1.0.0)
2018-08-02T19:05:39+08:00 [-] [-] [development] [I] [rpcserver.go:56] RPCServer init success id(Gate001) version(1.0.0)
2018-08-02T19:05:39+08:00 [-] [-] [development] [I] [ws_server.go:117] WS Listen ::3653
2018-08-02T19:05:39+08:00 [-] [-] [development] [I] [tcp_server.go:39] TCP Listen ::3563
2018-08-02T19:12:46+08:00 [-] [-] [development] [I] [rpcserver.go:60] RPCServer closeing id(Gate001)
2018-08-02T19:12:46+08:00 [-] [-] [development] [I] [rpcserver.go:65] RPCServer close success id(Gate001)
2018-08-02T19:12:46+08:00 [-] [-] [development] [I] [rpcserver.go:60] RPCServer closeing id(Master001)
2018-08-02T19:12:46+08:00 [-] [-] [development] [I] [rpcserver.go:65] RPCServer close success id(Master001)
2018-08-02T19:12:46+08:00 [-] [-] [development] [I] [app.go:255] RPCClient closeing type(Webapp) id(Webapp001)
2018-08-02T19:12:46+08:00 [-] [-] [development] [I] [app.go:260] RPCClient close success type(Webapp) id(Webapp001)
2018-08-02T19:12:46+08:00 [-] [-] [development] [I] [app.go:255] RPCClient closeing type(Gate) id(Gate001)
2018-08-02T19:12:46+08:00 [-] [-] [development] [I] [app.go:260] RPCClient close success type(Gate) id(Gate001)
2018-08-02T19:12:46+08:00 [-] [-] [development] [I] [app.go:255] RPCClient closeing type(Master) id(Master001)
2018-08-02T19:12:46+08:00 [-] [-] [development] [I] [app.go:260] RPCClient close success type(Master) id(Master001)
2018-08-02T19:12:46+08:00 [-] [-] [development] [I] [app.go:255] RPCClient closeing type(Login) id(Login001)
2018-08-02T19:12:46+08:00 [-] [-] [development] [I] [app.go:260] RPCClient close success type(Login) id(Login001)
2018-08-02T19:12:46+08:00 [-] [-] [development] [I] [app.go:255] RPCClient closeing type(Test) id(Test001)
2018-08-02T19:12:46+08:00 [-] [-] [development] [I] [app.go:260] RPCClient close success type(Test) id(Test001)
2018-08-02T19:12:46+08:00 [-] [-] [development] [I] [app.go:178] mqant closing down (signal: interrupt)
2018-08-02T19:34:40+08:00 [-] [-] [development] [I] [app.go:143] mqant 1.8.0 starting up
2018-08-02T19:34:40+08:00 [-] [-] [development] [I] [app.go:247] RPCClient create success type(Gate) id(Gate001)
2018-08-02T19:34:40+08:00 [-] [-] [development] [I] [app.go:247] RPCClient create success type(Master) id(Master001)
2018-08-02T19:34:40+08:00 [-] [-] [development] [I] [app.go:247] RPCClient create success type(Login) id(Login001)
2018-08-02T19:34:40+08:00 [-] [-] [development] [I] [app.go:247] RPCClient create success type(Test) id(Test001)
2018-08-02T19:34:40+08:00 [-] [-] [development] [I] [app.go:247] RPCClient create success type(Webapp) id(Webapp001)
2018-08-02T19:34:40+08:00 [-] [-] [development] [I] [ModuleManager.go:50] This service ProcessID is [development]
2018-08-02T19:34:40+08:00 [-] [-] [development] [I] [rpcserver.go:56] RPCServer init success id(Master001) version(1.0.0)
2018-08-02T19:34:40+08:00 [-] [-] [development] [I] [rpcserver.go:56] RPCServer init success id(Gate001) version(1.0.0)
2018-08-02T19:34:40+08:00 [-] [-] [development] [I] [ws_server.go:117] WS Listen ::3853
2018-08-02T19:34:40+08:00 [-] [-] [development] [I] [tcp_server.go:39] TCP Listen ::3563
2018-08-02T19:35:06+08:00 [-] [-] [development] [I] [app.go:143] mqant 1.8.0 starting up
2018-08-02T19:35:06+08:00 [-] [-] [development] [I] [app.go:247] RPCClient create success type(Gate) id(Gate001)
2018-08-02T19:35:06+08:00 [-] [-] [development] [I] [app.go:247] RPCClient create success type(Master) id(Master001)
2018-08-02T19:35:06+08:00 [-] [-] [development] [I] [app.go:247] RPCClient create success type(Login) id(Login001)
2018-08-02T19:35:06+08:00 [-] [-] [development] [I] [app.go:247] RPCClient create success type(Test) id(Test001)
2018-08-02T19:35:06+08:00 [-] [-] [development] [I] [app.go:247] RPCClient create success type(Webapp) id(Webapp001)
2018-08-02T19:35:06+08:00 [-] [-] [development] [I] [ModuleManager.go:50] This service ProcessID is [development]
2018-08-02T19:35:06+08:00 [-] [-] [development] [I] [rpcserver.go:56] RPCServer init success id(Master001) version(1.0.0)
2018-08-02T19:35:06+08:00 [-] [-] [development] [I] [rpcserver.go:56] RPCServer init success id(Gate001) version(1.0.0)
2018-08-02T19:35:06+08:00 [-] [-] [development] [I] [ws_server.go:117] WS Listen ::3853
2018-08-02T19:35:06+08:00 [-] [-] [development] [I] [tcp_server.go:39] TCP Listen ::3563
2018-08-02T19:36:15+08:00 [-] [-] [development] [I] [app.go:143] mqant 1.8.0 starting up
2018-08-02T19:36:15+08:00 [-] [-] [development] [I] [app.go:247] RPCClient create success type(Gate) id(Gate001)
2018-08-02T19:36:15+08:00 [-] [-] [development] [I] [app.go:247] RPCClient create success type(Master) id(Master001)
2018-08-02T19:36:15+08:00 [-] [-] [development] [I] [app.go:247] RPCClient create success type(Login) id(Login001)
2018-08-02T19:36:15+08:00 [-] [-] [development] [I] [app.go:247] RPCClient create success type(Test) id(Test001)
2018-08-02T19:36:15+08:00 [-] [-] [development] [I] [app.go:247] RPCClient create success type(Webapp) id(Webapp001)
2018-08-02T19:36:15+08:00 [-] [-] [development] [I] [ModuleManager.go:50] This service ProcessID is [development]
2018-08-02T19:36:15+08:00 [-] [-] [development] [I] [rpcserver.go:56] RPCServer init success id(Master001) version(1.0.0)
2018-08-02T19:36:15+08:00 [-] [-] [development] [I] [rpcserver.go:56] RPCServer init success id(Gate001) version(1.0.0)
2018-08-02T19:36:15+08:00 [-] [-] [development] [I] [ws_server.go:117] WS Listen ::3853
2018-08-02T19:36:15+08:00 [-] [-] [development] [I] [tcp_server.go:39] TCP Listen ::3564
2018-08-02T19:36:51+08:00 [-] [-] [development] [I] [rpcserver.go:60] RPCServer closeing id(Gate001)
2018-08-02T19:36:51+08:00 [-] [-] [development] [I] [rpcserver.go:65] RPCServer close success id(Gate001)
2018-08-02T19:36:51+08:00 [-] [-] [development] [I] [rpcserver.go:60] RPCServer closeing id(Master001)
2018-08-02T19:36:51+08:00 [-] [-] [development] [I] [rpcserver.go:65] RPCServer close success id(Master001)
2018-08-02T19:36:51+08:00 [-] [-] [development] [I] [app.go:255] RPCClient closeing type(Master) id(Master001)
2018-08-02T19:36:51+08:00 [-] [-] [development] [I] [app.go:260] RPCClient close success type(Master) id(Master001)
2018-08-02T19:36:51+08:00 [-] [-] [development] [I] [app.go:255] RPCClient closeing type(Login) id(Login001)
2018-08-02T19:36:51+08:00 [-] [-] [development] [I] [app.go:260] RPCClient close success type(Login) id(Login001)
2018-08-02T19:36:51+08:00 [-] [-] [development] [I] [app.go:255] RPCClient closeing type(Test) id(Test001)
2018-08-02T19:36:51+08:00 [-] [-] [development] [I] [app.go:260] RPCClient close success type(Test) id(Test001)
2018-08-02T19:36:51+08:00 [-] [-] [development] [I] [app.go:255] RPCClient closeing type(Webapp) id(Webapp001)
2018-08-02T19:36:51+08:00 [-] [-] [development] [I] [app.go:260] RPCClient close success type(Webapp) id(Webapp001)
2018-08-02T19:36:51+08:00 [-] [-] [development] [I] [app.go:255] RPCClient closeing type(Gate) id(Gate001)
2018-08-02T19:36:51+08:00 [-] [-] [development] [I] [app.go:260] RPCClient close success type(Gate) id(Gate001)
2018-08-02T19:36:51+08:00 [-] [-] [development] [I] [app.go:178] mqant closing down (signal: interrupt)
2018-08-02T19:37:12+08:00 [-] [-] [development] [I] [app.go:143] mqant 1.8.0 starting up
2018-08-02T19:37:12+08:00 [-] [-] [development] [I] [app.go:247] RPCClient create success type(Gate) id(Gate001)
2018-08-02T19:37:12+08:00 [-] [-] [development] [I] [app.go:247] RPCClient create success type(Master) id(Master001)
2018-08-02T19:37:12+08:00 [-] [-] [development] [I] [app.go:247] RPCClient create success type(Login) id(Login001)
2018-08-02T19:37:12+08:00 [-] [-] [development] [I] [app.go:247] RPCClient create success type(Test) id(Test001)
2018-08-02T19:37:12+08:00 [-] [-] [development] [I] [app.go:247] RPCClient create success type(Webapp) id(Webapp001)
2018-08-02T19:37:12+08:00 [-] [-] [development] [I] [ModuleManager.go:50] This service ProcessID is [development]
2018-08-02T19:37:12+08:00 [-] [-] [development] [I] [rpcserver.go:56] RPCServer init success id(Master001) version(1.0.0)
2018-08-02T19:37:12+08:00 [-] [-] [development] [I] [rpcserver.go:56] RPCServer init success id(Gate001) version(1.0.0)
2018-08-02T19:37:12+08:00 [-] [-] [development] [I] [ws_server.go:117] WS Listen ::3853
2018-08-02T19:37:12+08:00 [-] [-] [development] [I] [tcp_server.go:39] TCP Listen ::3564
2018-08-02T19:38:16+08:00 [-] [-] [development] [I] [rpcserver.go:60] RPCServer closeing id(Gate001)
2018-08-02T19:38:16+08:00 [-] [-] [development] [I] [rpcserver.go:65] RPCServer close success id(Gate001)
2018-08-02T19:38:16+08:00 [-] [-] [development] [I] [rpcserver.go:60] RPCServer closeing id(Master001)
2018-08-02T19:38:16+08:00 [-] [-] [development] [I] [rpcserver.go:65] RPCServer close success id(Master001)
2018-08-02T19:38:16+08:00 [-] [-] [development] [I] [app.go:255] RPCClient closeing type(Gate) id(Gate001)
2018-08-02T19:38:16+08:00 [-] [-] [development] [I] [app.go:260] RPCClient close success type(Gate) id(Gate001)
2018-08-02T19:38:16+08:00 [-] [-] [development] [I] [app.go:255] RPCClient closeing type(Master) id(Master001)
2018-08-02T19:38:16+08:00 [-] [-] [development] [I] [app.go:260] RPCClient close success type(Master) id(Master001)
2018-08-02T19:38:16+08:00 [-] [-] [development] [I] [app.go:255] RPCClient closeing type(Login) id(Login001)
2018-08-02T19:38:16+08:00 [-] [-] [development] [I] [app.go:260] RPCClient close success type(Login) id(Login001)
2018-08-02T19:38:16+08:00 [-] [-] [development] [I] [app.go:255] RPCClient closeing type(Test) id(Test001)
2018-08-02T19:38:16+08:00 [-] [-] [development] [I] [app.go:260] RPCClient close success type(Test) id(Test001)
2018-08-02T19:38:16+08:00 [-] [-] [development] [I] [app.go:255] RPCClient closeing type(Webapp) id(Webapp001)
2018-08-02T19:38:16+08:00 [-] [-] [development] [I] [app.go:260] RPCClient close success type(Webapp) id(Webapp001)
2018-08-02T19:38:16+08:00 [-] [-] [development] [I] [app.go:178] mqant closing down (signal: interrupt)
2018-08-02T19:45:09+08:00 [-] [-] [development] [I] [app.go:143] mqant 1.8.0 starting up
2018-08-02T19:45:09+08:00 [-] [-] [development] [I] [app.go:247] RPCClient create success type(Webapp) id(Webapp001)
2018-08-02T19:45:09+08:00 [-] [-] [development] [I] [app.go:247] RPCClient create success type(Gate) id(Gate001)
2018-08-02T19:45:09+08:00 [-] [-] [development] [I] [app.go:247] RPCClient create success type(Master) id(Master001)
2018-08-02T19:45:09+08:00 [-] [-] [development] [I] [app.go:247] RPCClient create success type(Login) id(Login001)
2018-08-02T19:45:09+08:00 [-] [-] [development] [I] [app.go:247] RPCClient create success type(Test) id(Test001)
2018-08-02T19:45:09+08:00 [-] [-] [development] [I] [ModuleManager.go:50] This service ProcessID is [development]
2018-08-02T19:45:09+08:00 [-] [-] [development] [I] [rpcserver.go:56] RPCServer init success id(Master001) version(1.0.0)
2018-08-02T19:45:09+08:00 [-] [-] [development] [I] [rpcserver.go:56] RPCServer init success id(Gate001) version(1.0.0)
2018-08-02T19:45:09+08:00 [-] [-] [development] [I] [ws_server.go:117] WS Listen ::3953
2018-08-02T19:45:09+08:00 [-] [-] [development] [I] [tcp_server.go:39] TCP Listen ::3564
2018-08-02T19:46:02+08:00 [-] [-] [development] [I] [rpcserver.go:60] RPCServer closeing id(Gate001)
2018-08-02T19:46:02+08:00 [-] [-] [development] [I] [rpcserver.go:65] RPCServer close success id(Gate001)
2018-08-02T19:46:02+08:00 [-] [-] [development] [I] [rpcserver.go:60] RPCServer closeing id(Master001)
2018-08-02T19:46:02+08:00 [-] [-] [development] [I] [rpcserver.go:65] RPCServer close success id(Master001)
2018-08-02T19:46:02+08:00 [-] [-] [development] [I] [app.go:255] RPCClient closeing type(Webapp) id(Webapp001)
2018-08-02T19:46:02+08:00 [-] [-] [development] [I] [app.go:260] RPCClient close success type(Webapp) id(Webapp001)
2018-08-02T19:46:02+08:00 [-] [-] [development] [I] [app.go:255] RPCClient closeing type(Gate) id(Gate001)
2018-08-02T19:46:02+08:00 [-] [-] [development] [I] [app.go:260] RPCClient close success type(Gate) id(Gate001)
2018-08-02T19:46:02+08:00 [-] [-] [development] [I] [app.go:255] RPCClient closeing type(Master) id(Master001)
2018-08-02T19:46:02+08:00 [-] [-] [development] [I] [app.go:260] RPCClient close success type(Master) id(Master001)
2018-08-02T19:46:02+08:00 [-] [-] [development] [I] [app.go:255] RPCClient closeing type(Login) id(Login001)
2018-08-02T19:46:02+08:00 [-] [-] [development] [I] [app.go:260] RPCClient close success type(Login) id(Login001)
2018-08-02T19:46:02+08:00 [-] [-] [development] [I] [app.go:255] RPCClient closeing type(Test) id(Test001)
2018-08-02T19:46:02+08:00 [-] [-] [development] [I] [app.go:260] RPCClient close success type(Test) id(Test001)
2018-08-02T19:46:02+08:00 [-] [-] [development] [I] [app.go:178] mqant closing down (signal: interrupt)
2018-08-02T19:49:39+08:00 [-] [-] [development] [I] [app.go:143] mqant 1.8.0 starting up
2018-08-02T19:49:39+08:00 [-] [-] [development] [I] [app.go:247] RPCClient create success type(Login) id(Login001)
2018-08-02T19:49:39+08:00 [-] [-] [development] [I] [app.go:247] RPCClient create success type(Test) id(Test001)
2018-08-02T19:49:39+08:00 [-] [-] [development] [I] [app.go:247] RPCClient create success type(Webapp) id(Webapp001)
2018-08-02T19:49:39+08:00 [-] [-] [development] [I] [app.go:247] RPCClient create success type(Gate) id(Gate001)
2018-08-02T19:49:39+08:00 [-] [-] [development] [I] [app.go:247] RPCClient create success type(Master) id(Master001)
2018-08-02T19:49:39+08:00 [-] [-] [development] [I] [ModuleManager.go:50] This service ProcessID is [development]
2018-08-02T19:49:39+08:00 [-] [-] [development] [I] [rpcserver.go:56] RPCServer init success id(Master001) version(1.0.0)
2018-08-02T19:49:39+08:00 [-] [-] [development] [I] [rpcserver.go:56] RPCServer init success id(Gate001) version(1.0.0)
2018-08-02T19:49:39+08:00 [-] [-] [development] [I] [ws_server.go:117] WS Listen ::3953
2018-08-02T19:49:39+08:00 [-] [-] [development] [I] [tcp_server.go:39] TCP Listen ::3564
2018-08-02T19:49:43+08:00 [-] [-] [development] [I] [rpcserver.go:60] RPCServer closeing id(Gate001)
2018-08-02T19:49:43+08:00 [-] [-] [development] [I] [rpcserver.go:65] RPCServer close success id(Gate001)
2018-08-02T19:49:43+08:00 [-] [-] [development] [I] [rpcserver.go:60] RPCServer closeing id(Master001)
2018-08-02T19:49:43+08:00 [-] [-] [development] [I] [rpcserver.go:65] RPCServer close success id(Master001)
2018-08-02T19:49:43+08:00 [-] [-] [development] [I] [app.go:255] RPCClient closeing type(Login) id(Login001)
2018-08-02T19:49:43+08:00 [-] [-] [development] [I] [app.go:260] RPCClient close success type(Login) id(Login001)
2018-08-02T19:49:43+08:00 [-] [-] [development] [I] [app.go:255] RPCClient closeing type(Test) id(Test001)
2018-08-02T19:49:43+08:00 [-] [-] [development] [I] [app.go:260] RPCClient close success type(Test) id(Test001)
2018-08-02T19:49:43+08:00 [-] [-] [development] [I] [app.go:255] RPCClient closeing type(Webapp) id(Webapp001)
2018-08-02T19:49:43+08:00 [-] [-] [development] [I] [app.go:260] RPCClient close success type(Webapp) id(Webapp001)
2018-08-02T19:49:43+08:00 [-] [-] [development] [I] [app.go:255] RPCClient closeing type(Gate) id(Gate001)
2018-08-02T19:49:43+08:00 [-] [-] [development] [I] [app.go:260] RPCClient close success type(Gate) id(Gate001)
2018-08-02T19:49:43+08:00 [-] [-] [development] [I] [app.go:255] RPCClient closeing type(Master) id(Master001)
2018-08-02T19:49:43+08:00 [-] [-] [development] [I] [app.go:260] RPCClient close success type(Master) id(Master001)
2018-08-02T19:49:43+08:00 [-] [-] [development] [I] [app.go:178] mqant closing down (signal: interrupt)
