2018-08-02T19:05:39+08:00 [-] [-] [development] [W] [ws_server.go:95] ws_server tls :open : The system cannot find the file specified. 
github.com/liangdas/mqant/network/ws_server.go:95
github.com/liangdas/mqant/gate/base/mqtt_gate.go:267
github.com/liangdas/mqant/module/base/DefaultModule.go:43
runtime/asm_amd64.s:2361
2018-08-02T19:05:39+08:00 [-] [-] [development] [W] [tcp_server.go:60] tcp_server tls :open : The system cannot find the file specified. 
github.com/liangdas/mqant/network/tcp_server.go:60
github.com/liangdas/mqant/network/tcp_server.go:38
github.com/liangdas/mqant/gate/base/mqtt_gate.go:270
github.com/liangdas/mqant/module/base/DefaultModule.go:43
2018-08-02T19:34:40+08:00 [-] [-] [development] [W] [tcp_server.go:46] listen tcp :3563: bind: Only one usage of each socket address (protocol/network address/port) is normally permitted. 
github.com/liangdas/mqant/network/tcp_server.go:46
github.com/liangdas/mqant/network/tcp_server.go:38
github.com/liangdas/mqant/gate/base/mqtt_gate.go:270
github.com/liangdas/mqant/module/base/DefaultModule.go:43
2018-08-02T19:35:06+08:00 [-] [-] [development] [W] [tcp_server.go:46] listen tcp :3563: bind: Only one usage of each socket address (protocol/network address/port) is normally permitted. 
github.com/liangdas/mqant/network/tcp_server.go:46
github.com/liangdas/mqant/network/tcp_server.go:38
github.com/liangdas/mqant/gate/base/mqtt_gate.go:270
github.com/liangdas/mqant/module/base/DefaultModule.go:43
